<?xml version="1.0" encoding="UTF-8"?>
<!-- Generated by org.testng.reporters.JUnitReportReporter -->
<testsuite hostname="LAPTOP-DI90479L" failures="0" tests="1" name="com.selenium.test.TestNG1.Confirmation_Alert" time="13.677" errors="0" timestamp="2022-11-23T14:45:00 IST" skipped="0">
  <testcase classname="com.selenium.test.TestNG1.Confirmation_Alert" name="Alert" time="13.677"/>
  <system-out/>
</testsuite> <!-- com.selenium.test.TestNG1.Confirmation_Alert -->
