<?xml version="1.0" encoding="UTF-8"?>
<!-- Generated by org.testng.reporters.JUnitReportReporter -->
<testsuite hostname="LAPTOP-DI90479L" failures="0" tests="1" name="com.selenium.test.TestNG1.TakeScreenShot" time="5.344" errors="0" timestamp="2022-11-18T08:30:19 IST" skipped="0">
  <testcase classname="com.selenium.test.TestNG1.TakeScreenShot" name="login" time="5.344"/>
  <system-out/>
</testsuite> <!-- com.selenium.test.TestNG1.TakeScreenShot -->
