<?xml version="1.0" encoding="UTF-8"?>
<!-- Generated by org.testng.reporters.JUnitReportReporter -->
<testsuite hostname="LAPTOP-DI90479L" failures="0" tests="1" name="com.selenium.test.TestNG1.DataDriverTesting" time="0.015" errors="0" timestamp="2022-11-17T08:42:57 IST" skipped="0">
  <testcase classname="com.selenium.test.TestNG1.DataDriverTesting" name="Data" time="0.015"/>
  <system-out/>
</testsuite> <!-- com.selenium.test.TestNG1.DataDriverTesting -->
